生成启动时间为 2015/7/15 11:24:43。
     1>项目“F:\heartstonev1\heartstonev1\heartstonev1.vcxproj”在节点 2 上(build 个目标)。
     1>InitializeBuildStatus:
         正在创建“Release\heartstonev1.unsuccessfulbuild”，因为已指定“AlwaysCreate”。
       GenerateTargetFrameworkMonikerAttribute:
       正在跳过目标“GenerateTargetFrameworkMonikerAttribute”，因为所有输出文件相对于输入文件而言都是最新的。
       ClCompile:
         所有输出均为最新。
         D:\Program Files (x86)\Microsoft Visual Studio 10.0\VC\bin\CL.exe /c /AI"C:\Program Files (x86)\Reference Assemblies\Microsoft\Framework\.NETFramework\v4.0" /Zi /clr /nologo /W3 /WX- /O2 /Oy- /D WIN32 /D NDEBUG /D _UNICODE /D UNICODE /EHa /MD /GS /fp:precise /Zc:wchar_t /Zc:forScope /Yu"StdAfx.h" /Fp"Release\heartstonev1.pch" /Fo"Release\\" /Fd"Release\vc100.pdb" /TP /FU"C:\Program Files (x86)\Reference Assemblies\Microsoft\Framework\.NETFramework\v4.0\System.Core.dll" /FU"C:\Program Files (x86)\Reference Assemblies\Microsoft\Framework\.NETFramework\v4.0\System.Data.dll" /FU"C:\Program Files (x86)\Reference Assemblies\Microsoft\Framework\.NETFramework\v4.0\System.dll" /FU"C:\Program Files (x86)\Reference Assemblies\Microsoft\Framework\.NETFramework\v4.0\System.Drawing.dll" /FU"C:\Program Files (x86)\Reference Assemblies\Microsoft\Framework\.NETFramework\v4.0\System.Windows.Forms.dll" /FU"C:\Program Files (x86)\Reference Assemblies\Microsoft\Framework\.NETFramework\v4.0\System.Xml.dll" /analyze- /errorReport:prompt heart.cpp heartstonev1.cpp /clr:nostdlib 
         heart.cpp
         heartstonev1.cpp
         正在生成代码...
         所有输出均为最新。
       CoreResGen:
         没有相对于源文件而言已过期的资源。正在跳过资源生成操作。
       ResourceCompile:
         所有输出均为最新。
       Link:
         D:\Program Files (x86)\Microsoft Visual Studio 10.0\VC\bin\link.exe /ERRORREPORT:PROMPT /OUT:"F:\heartstonev1\Release\heartstonev1.exe" /INCREMENTAL:NO /NOLOGO /ASSEMBLYRESOURCE:Release\heartstonev1.heart.resources /ASSEMBLYRESOURCE:Release\heartstonev1.shade_Form.resources /MANIFEST /ManifestFile:"Release\heartstonev1.exe.intermediate.manifest" /MANIFESTUAC:"level='asInvoker' uiAccess='false'" /DEBUG /PDB:"F:\heartstonev1\Release\heartstonev1.pdb" /TLBID:1 /DYNAMICBASE /FIXED:NO /NXCOMPAT /MACHINE:X86 Release\app.res
         Release\AssemblyInfo.obj
         Release\heart.obj
         Release\heartstonev1.obj
         Release\shade_Form.obj
         Release\stdafx.obj
         "Release\.NETFramework,Version=v4.0.AssemblyAttributes.obj"
         heartstonev1.vcxproj -> F:\heartstonev1\Release\heartstonev1.exe
       Manifest:
         C:\Program Files (x86)\Microsoft SDKs\Windows\v7.0A\bin\mt.exe /nologo /verbose /outputresource:"F:\heartstonev1\Release\heartstonev1.exe;#1" /manifest Release\heartstonev1.exe.intermediate.manifest
       FinalizeBuildStatus:
         正在删除文件“Release\heartstonev1.unsuccessfulbuild”。
         正在对“Release\heartstonev1.lastbuildstate”执行 Touch 任务。
     1>已完成生成项目“F:\heartstonev1\heartstonev1\heartstonev1.vcxproj”(build 个目标)的操作。

生成成功。

已用时间 00:00:03.34
