D:\GITTEST\HEARTSTONEV1\HEARTSTONEV1\RELEASE\.NETFRAMEWORK,VERSION=V4.0.ASSEMBLYATTRIBUTES.OBJ
D:\GITTEST\HEARTSTONEV1\HEARTSTONEV1\RELEASE\APP.RES
D:\GITTEST\HEARTSTONEV1\HEARTSTONEV1\RELEASE\ASSEMBLYINFO.OBJ
D:\gittest\heartstonev1\heartstonev1\Release\cl.command.1.tlog
D:\gittest\heartstonev1\heartstonev1\Release\CL.read.1.tlog
D:\gittest\heartstonev1\heartstonev1\Release\CL.write.1.tlog
D:\GITTEST\HEARTSTONEV1\HEARTSTONEV1\RELEASE\HEART.OBJ
D:\GITTEST\HEARTSTONEV1\HEARTSTONEV1\RELEASE\HEARTSTONEV1.EXE.INTERMEDIATE.MANIFEST
D:\gittest\heartstonev1\heartstonev1\Release\heartstonev1.heart.resources
D:\GITTEST\HEARTSTONEV1\HEARTSTONEV1\RELEASE\HEARTSTONEV1.OBJ
D:\GITTEST\HEARTSTONEV1\HEARTSTONEV1\RELEASE\HEARTSTONEV1.PCH
D:\gittest\heartstonev1\heartstonev1\Release\heartstonev1.shade_Form.resources
D:\gittest\heartstonev1\heartstonev1\Release\heartstonev1.vcxproj.GenerateResource.Cache
D:\gittest\heartstonev1\heartstonev1\Release\heartstonev1.vcxprojResolveAssemblyReference.cache
D:\gittest\heartstonev1\heartstonev1\Release\heartstonev1.write.1.tlog
D:\gittest\heartstonev1\heartstonev1\Release\link.command.1.tlog
D:\gittest\heartstonev1\heartstonev1\Release\link.read.1.tlog
D:\gittest\heartstonev1\heartstonev1\Release\link.write.1.tlog
D:\gittest\heartstonev1\heartstonev1\Release\link-cvtres.read.1.tlog
D:\gittest\heartstonev1\heartstonev1\Release\link-cvtres.write.1.tlog
D:\gittest\heartstonev1\heartstonev1\Release\mt.command.1.tlog
D:\gittest\heartstonev1\heartstonev1\Release\mt.read.1.tlog
D:\gittest\heartstonev1\heartstonev1\Release\mt.write.1.tlog
D:\gittest\heartstonev1\heartstonev1\Release\rc.command.1.tlog
D:\gittest\heartstonev1\heartstonev1\Release\rc.read.1.tlog
D:\gittest\heartstonev1\heartstonev1\Release\rc.write.1.tlog
D:\GITTEST\HEARTSTONEV1\HEARTSTONEV1\RELEASE\SHADE_FORM.OBJ
D:\GITTEST\HEARTSTONEV1\HEARTSTONEV1\RELEASE\STDAFX.OBJ
D:\GITTEST\HEARTSTONEV1\HEARTSTONEV1\RELEASE\VC100.PDB
D:\GITTEST\HEARTSTONEV1\RELEASE\HEARTSTONEV1.EXE
D:\GITTEST\HEARTSTONEV1\RELEASE\HEARTSTONEV1.PDB
